
=== BRIDGE STARTUP LOG ===
bridge_enabled=true
ghost_registry_loaded=true
ghost_basins_loaded=8
specialist_bank_loaded=false
specialists_loaded=0
projection_strategy=simple
==========================

{
  "bridge_enabled": true,
  "ghost_basins_loaded": 8,
  "ghost_registry_loaded": true,
  "projection_strategy": "simple",
  "specialist_bank_loaded": false,
  "specialists_loaded": 0
}
 [UNIVERSE] Using live model token embeddings (n=1000)
 [COLLAB_HYGIENE] assistant_removed=2 repeated_requests_removed=0 correction_tail_truncated=false partial_control_fragment_removed=false turn=0
 [COLLAB_HYGIENE] assistant_removed=1 repeated_requests_removed=0 correction_tail_truncated=false partial_control_fragment_removed=false turn=1
 [COLLAB_HYGIENE] assistant_removed=2 repeated_requests_removed=0 correction_tail_truncated=false partial_control_fragment_removed=false turn=2
 [COLLAB_HYGIENE] assistant_removed=4 repeated_requests_removed=0 correction_tail_truncated=false partial_control_fragment_removed=false turn=3
 [TELEMETRY] Saving to "harness/runs/latch-0006/ans_off_211.jsonl"
 [TIMING] Saving to "harness/runs/latch-0006/ans_off_211.run_timing.json"
[forward_profile] disabled (set NIODOO_PROFILE_FORWARD=1 to enable)
